# JRE version: OpenJDK Runtime Environment (21.0.5) (build 21.0.5+-12932927-b750.29)
# Java VM: OpenJDK 64-Bit Server VM (21.0.5+-12932927-b750.29, mixed mode, tiered, compressed oops, compressed class ptrs, g1 gc, windows-amd64)
GC Precious Log:
 CardTable entry size: 512
 Card Set container configuration: InlinePtr #cards 5 size 8 Array Of Cards #cards 12 size 40 Howl #buckets 4 coarsen threshold 1843 Howl Bitmap #cards 512 size 80 coarsen threshold 460 Card regions per heap region 1 cards per card region 2048
 CPUs: 6 total, 6 available
 Memory: 16289M
 Large Page Support: Disabled
 NUMA Support: Disabled
 Compressed Oops: Enabled (32-bit)
 Heap Region Size: 1M
 Heap Min Capacity: 8M
 Heap Initial Capacity: 256M
 Heap Max Capacity: 2G
 Pre-touch: Disabled
 Parallel Workers: 6
 Concurrent Workers: 2
 Concurrent Refinement Workers: 6
 Periodic GC: Disabled
Heap:
 garbage-first heap   total 288768K, used 225233K [0x0000000080000000, 0x0000000100000000)
  region size 1024K, 57 young (58368K), 6 survivors (6144K)
 Metaspace       used 161011K, committed 163392K, reserved 1245184K
  class space    used 21131K, committed 22336K, reserved 1048576K
GC Heap History (20 events):
Event: 121.036 GC heap before
{Heap before GC invocations=70 (full 0):
 garbage-first heap   total 229376K, used 187781K [0x0000000080000000, 0x0000000100000000)
  region size 1024K, 54 young (55296K), 5 survivors (5120K)
 Metaspace       used 146742K, committed 149056K, reserved 1179648K
  class space    used 19572K, committed 20736K, reserved 1048576K
}
Event: 121.039 GC heap after
{Heap after GC invocations=71 (full 0):
 garbage-first heap   total 229376K, used 140791K [0x0000000080000000, 0x0000000100000000)
  region size 1024K, 6 young (6144K), 6 survivors (6144K)
 Metaspace       used 146742K, committed 149056K, reserved 1179648K
  class space    used 19572K, committed 20736K, reserved 1048576K
}
Event: 125.758 GC heap before
{Heap before GC invocations=72 (full 0):
 garbage-first heap   total 239616K, used 207351K [0x0000000080000000, 0x0000000100000000)
  region size 1024K, 70 young (71680K), 6 survivors (6144K)
 Metaspace       used 150329K, committed 152576K, reserved 1245184K
  class space    used 20196K, committed 21312K, reserved 1048576K
}
Event: 125.763 GC heap after
{Heap after GC invocations=73 (full 0):
 garbage-first heap   total 239616K, used 139438K [0x0000000080000000, 0x0000000100000000)
  region size 1024K, 3 young (3072K), 3 survivors (3072K)
 Metaspace       used 150329K, committed 152576K, reserved 1245184K
  class space    used 20196K, committed 21312K, reserved 1048576K
}
Event: 250.096 GC heap before
{Heap before GC invocations=73 (full 0):
 garbage-first heap   total 239616K, used 231598K [0x0000000080000000, 0x0000000100000000)
  region size 1024K, 81 young (82944K), 3 survivors (3072K)
 Metaspace       used 158076K, committed 160448K, reserved 1245184K
  class space    used 20962K, committed 22144K, reserved 1048576K
}
Event: 250.261 GC heap after
{Heap after GC invocations=74 (full 0):
 garbage-first heap   total 241664K, used 133112K [0x0000000080000000, 0x0000000100000000)
  region size 1024K, 4 young (4096K), 4 survivors (4096K)
 Metaspace       used 158076K, committed 160448K, reserved 1245184K
  class space    used 20962K, committed 22144K, reserved 1048576K
}
Event: 263.935 GC heap before
{Heap before GC invocations=74 (full 0):
 garbage-first heap   total 241664K, used 221176K [0x0000000080000000, 0x0000000100000000)
  region size 1024K, 91 young (93184K), 4 survivors (4096K)
 Metaspace       used 159694K, committed 162048K, reserved 1245184K
  class space    used 21100K, committed 22272K, reserved 1048576K
}
Event: 263.972 GC heap after
{Heap after GC invocations=75 (full 0):
 garbage-first heap   total 241664K, used 144310K [0x0000000080000000, 0x0000000100000000)
  region size 1024K, 12 young (12288K), 12 survivors (12288K)
 Metaspace       used 159694K, committed 162048K, reserved 1245184K
  class space    used 21100K, committed 22272K, reserved 1048576K
}
Event: 346.029 GC heap before
{Heap before GC invocations=76 (full 0):
 garbage-first heap   total 241664K, used 226230K [0x0000000080000000, 0x0000000100000000)
  region size 1024K, 82 young (83968K), 12 survivors (12288K)
 Metaspace       used 159851K, committed 162176K, reserved 1245184K
  class space    used 21105K, committed 22272K, reserved 1048576K
}
Event: 346.162 GC heap after
{Heap after GC invocations=77 (full 0):
 garbage-first heap   total 242688K, used 144322K [0x0000000080000000, 0x0000000100000000)
  region size 1024K, 4 young (4096K), 4 survivors (4096K)
 Metaspace       used 159851K, committed 162176K, reserved 1245184K
  class space    used 21105K, committed 22272K, reserved 1048576K
}
Event: 352.141 GC heap before
{Heap before GC invocations=77 (full 0):
 garbage-first heap   total 242688K, used 222146K [0x0000000080000000, 0x0000000100000000)
  region size 1024K, 79 young (80896K), 4 survivors (4096K)
 Metaspace       used 160142K, committed 162496K, reserved 1245184K
  class space    used 21106K, committed 22272K, reserved 1048576K
}
Event: 352.189 GC heap after
{Heap after GC invocations=78 (full 0):
 garbage-first heap   total 254976K, used 162072K [0x0000000080000000, 0x0000000100000000)
  region size 1024K, 10 young (10240K), 10 survivors (10240K)
 Metaspace       used 160142K, committed 162496K, reserved 1245184K
  class space    used 21106K, committed 22272K, reserved 1048576K
}
Event: 352.264 GC heap before
{Heap before GC invocations=78 (full 0):
 garbage-first heap   total 254976K, used 168216K [0x0000000080000000, 0x0000000100000000)
  region size 1024K, 18 young (18432K), 10 survivors (10240K)
 Metaspace       used 160144K, committed 162496K, reserved 1245184K
  class space    used 21106K, committed 22272K, reserved 1048576K
}
Event: 352.285 GC heap after
{Heap after GC invocations=79 (full 0):
 garbage-first heap   total 254976K, used 172613K [0x0000000080000000, 0x0000000100000000)
  region size 1024K, 9 young (9216K), 9 survivors (9216K)
 Metaspace       used 160144K, committed 162496K, reserved 1245184K
  class space    used 21106K, committed 22272K, reserved 1048576K
}
Event: 360.473 GC heap before
{Heap before GC invocations=80 (full 0):
 garbage-first heap   total 288768K, used 218693K [0x0000000080000000, 0x0000000100000000)
  region size 1024K, 41 young (41984K), 9 survivors (9216K)
 Metaspace       used 160313K, committed 162688K, reserved 1245184K
  class space    used 21106K, committed 22272K, reserved 1048576K
}
Event: 360.486 GC heap after
{Heap after GC invocations=81 (full 0):
 garbage-first heap   total 288768K, used 176914K [0x0000000080000000, 0x0000000100000000)
  region size 1024K, 6 young (6144K), 6 survivors (6144K)
 Metaspace       used 160313K, committed 162688K, reserved 1245184K
  class space    used 21106K, committed 22272K, reserved 1048576K
}
Event: 363.901 GC heap before
{Heap before GC invocations=81 (full 0):
 garbage-first heap   total 288768K, used 234258K [0x0000000080000000, 0x0000000100000000)
  region size 1024K, 57 young (58368K), 6 survivors (6144K)
 Metaspace       used 160623K, committed 163008K, reserved 1245184K
  class space    used 21128K, committed 22336K, reserved 1048576K
}
Event: 363.916 GC heap after
{Heap after GC invocations=82 (full 0):
 garbage-first heap   total 288768K, used 178176K [0x0000000080000000, 0x0000000100000000)
  region size 1024K, 8 young (8192K), 8 survivors (8192K)
 Metaspace       used 160623K, committed 163008K, reserved 1245184K
  class space    used 21128K, committed 22336K, reserved 1048576K
}
Event: 587.657 GC heap before
{Heap before GC invocations=82 (full 0):
 garbage-first heap   total 288768K, used 245760K [0x0000000080000000, 0x0000000100000000)
  region size 1024K, 62 young (63488K), 8 survivors (8192K)
 Metaspace       used 160919K, committed 163328K, reserved 1245184K
  class space    used 21131K, committed 22336K, reserved 1048576K
}
Event: 587.894 GC heap after
{Heap after GC invocations=83 (full 0):
 garbage-first heap   total 288768K, used 175057K [0x0000000080000000, 0x0000000100000000)
  region size 1024K, 6 young (6144K), 6 survivors (6144K)
 Metaspace       used 160919K, committed 163328K, reserved 1245184K
  class space    used 21131K, committed 22336K, reserved 1048576K
}

